<?xml version="1.0" encoding="UTF-8"?>
<!-- Generated by org.testng.reporters.JUnitReportReporter -->
<testsuite skipped="0" hostname="360LP0910-PC" name="com.testFramework.scripts.Selenium_Assignment_Framework" tests="6" failures="0" timestamp="18 May 2019 03:24:38 GMT" time="124.069" errors="0">
  <testcase name="verifySingleSelect" time="10.073" classname="com.testFramework.scripts.Selenium_Assignment_Framework"/>
  <testcase name="verifyMultipleSelect" time="11.228" classname="com.testFramework.scripts.Selenium_Assignment_Framework"/>
  <testcase name="verifyJavaScriptAlertOK" time="14.257" classname="com.testFramework.scripts.Selenium_Assignment_Framework"/>
  <testcase name="verifyJavaScriptConfirmBoxCancel" time="52.357" classname="com.testFramework.scripts.Selenium_Assignment_Framework"/>
  <testcase name="verifyJavaScriptAlertSendData" time="20.686" classname="com.testFramework.scripts.Selenium_Assignment_Framework"/>
  <testcase name="verifyBootstrapModal" time="15.468" classname="com.testFramework.scripts.Selenium_Assignment_Framework"/>
</testsuite> <!-- com.testFramework.scripts.Selenium_Assignment_Framework -->
