<?xml version="1.0" encoding="UTF-8"?>
<!-- Generated by org.testng.reporters.JUnitReportReporter -->
<testsuite skipped="0" hostname="360LP0910-PC" name="com.testFramework.scripts.InputDropDown" tests="1" failures="0" timestamp="29 Apr 2019 08:22:49 GMT" time="0.017" errors="0">
  <testcase name="SelectList" time="0.017" classname="com.testFramework.scripts.InputDropDown"/>
</testsuite> <!-- com.testFramework.scripts.InputDropDown -->
