<?xml version="1.0" encoding="UTF-8"?>
<!-- Generated by org.testng.reporters.JUnitReportReporter -->
<testsuite skipped="0" hostname="360LP0910-PC" name="com.testFramework.scripts.Selenium_Assignment_Framework" tests="6" failures="0" timestamp="21 May 2019 10:18:50 GMT" time="135.543" errors="0">
  <testcase name="verifySingleSelect" time="33.235" classname="com.testFramework.scripts.Selenium_Assignment_Framework"/>
  <testcase name="verifyMultipleSelect" time="19.987" classname="com.testFramework.scripts.Selenium_Assignment_Framework"/>
  <testcase name="verifyJavaScriptAlertOK" time="21.801" classname="com.testFramework.scripts.Selenium_Assignment_Framework"/>
  <testcase name="verifyJavaScriptConfirmBoxCancel" time="16.460" classname="com.testFramework.scripts.Selenium_Assignment_Framework"/>
  <testcase name="verifyJavaScriptAlertSendData" time="27.116" classname="com.testFramework.scripts.Selenium_Assignment_Framework"/>
  <testcase name="verifyBootstrapModal" time="16.944" classname="com.testFramework.scripts.Selenium_Assignment_Framework"/>
</testsuite> <!-- com.testFramework.scripts.Selenium_Assignment_Framework -->
